<?xml version="1.0" encoding="UTF-8"?>
<!-- Generated by org.testng.reporters.JUnitReportReporter -->
<testsuite hostname="DESKTOP-OSG43F4" failures="0" tests="1" name="testcases.HomeTest" time="0.008" errors="0" timestamp="2022-05-19T19:16:21 SGT" skipped="0">
  <testcase classname="testcases.HomeTest" name="Test1" time="0.008"/>
  <system-out/>
</testsuite> <!-- testcases.HomeTest -->
