<?xml version="1.0" encoding="UTF-8"?>
<!-- Generated by org.testng.reporters.JUnitReportReporter -->
<testsuite hostname="DESKTOP-OSG43F4" failures="0" tests="4" name="testcases.LoginTest" time="40.256" errors="0" timestamp="2022-06-06T14:24:11 SGT" skipped="0">
  <testcase classname="testcases.LoginTest" name="LoginSucessTest" time="8.151"/>
  <system-out/>
  <testcase classname="testcases.LoginTest" name="ExcelDataTest" time="12.763"/>
  <system-out/>
  <testcase classname="testcases.LoginTest" name="parameterizedTest" time="8.835"/>
  <system-out/>
  <testcase classname="testcases.LoginTest" name="LoginFailureTest" time="10.507"/>
  <system-out/>
</testsuite> <!-- testcases.LoginTest -->
