<?xml version="1.0" encoding="UTF-8"?>
<!-- Generated by org.testng.reporters.JUnitReportReporter -->
<testsuite hostname="DESKTOP-OSG43F4" failures="0" tests="4" name="testcases.LoginTest" time="42.534" errors="0" timestamp="2022-06-06T13:34:45 SGT" skipped="0">
  <testcase classname="testcases.LoginTest" name="LoginFailureTest" time="11.997"/>
  <system-out/>
  <testcase classname="testcases.LoginTest" name="ExcelDataTest" time="12.603"/>
  <system-out/>
  <testcase classname="testcases.LoginTest" name="LoginSucessTest" time="9.748"/>
  <system-out/>
  <testcase classname="testcases.LoginTest" name="parameterizedTest" time="8.186"/>
  <system-out/>
</testsuite> <!-- testcases.LoginTest -->
