<?xml version="1.0" encoding="UTF-8"?>
<!-- Generated by org.testng.reporters.JUnitReportReporter -->
<testsuite skipped="0" hostname="DESKTOP-OSG43F4" name="testcases.LoginTest" tests="4" failures="0" timestamp="2022-06-06T15:12:45 SGT" time="44.943" errors="0">
  <testcase name="LoginFailureTest" time="11.477" classname="testcases.LoginTest"/>
  <system-out/>
  <testcase name="LoginSucessTest" time="9.160" classname="testcases.LoginTest"/>
  <system-out/>
  <testcase name="parameterizedTest" time="12.891" classname="testcases.LoginTest"/>
  <system-out/>
  <testcase name="ExcelDataTest" time="11.415" classname="testcases.LoginTest"/>
  <system-out/>
</testsuite> <!-- testcases.LoginTest -->
